<?xml version="1.0" encoding="UTF-8"?>
<!-- Generated by org.testng.reporters.JUnitReportReporter -->
<testsuite skipped="0" hostname="DESKTOP-57DPU0C" name="testScripts.dealPage" tests="1" failures="0" timestamp="14 Apr 2020 18:24:56 GMT" time="44.998" errors="0">
  <testcase name="createDeal" time="44.998" classname="testScripts.dealPage"/>
</testsuite> <!-- testScripts.dealPage -->
