<?xml version="1.0" encoding="UTF-8"?>
<!-- Generated by org.testng.reporters.JUnitReportReporter -->
<testsuite skipped="0" hostname="DESKTOP-57DPU0C" name="testScripts.titleTest" tests="2" failures="0" timestamp="14 Apr 2020 19:39:54 GMT" time="81.320" errors="0">
  <testcase name="titletest" time="45.474" classname="testScripts.titleTest"/>
  <testcase name="links" time="35.846" classname="testScripts.titleTest"/>
</testsuite> <!-- testScripts.titleTest -->
