<?xml version="1.0" encoding="UTF-8"?>
<!-- Generated by org.testng.reporters.JUnitReportReporter -->
<testsuite skipped="0" hostname="DESKTOP-57DPU0C" name="testScripts.dealPage" tests="1" failures="0" timestamp="14 Apr 2020 19:39:54 GMT" time="79.280" errors="0">
  <testcase name="createDeal" time="79.280" classname="testScripts.dealPage"/>
</testsuite> <!-- testScripts.dealPage -->
